FISU:
<class 'pandas.core.frame.DataFrame'>
RangeIndex: 120 entries, 0 to 119
Data columns (total 17 columns):
 #   Column         Non-Null Count  Dtype  
---  ------         --------------  -----  
 0   Rnk            120 non-null    Int64  
 1   Name           120 non-null    object 
 2   d.o.b.         120 non-null    int32  
 3   Bwt            120 non-null    float64
 4   IPF GL C       120 non-null    float64
 5   Squat 1        110 non-null    float64
 6   Squat 2        101 non-null    float64
 7   Squat 3        73 non-null     float64
 8   Bench Press 1  116 non-null    float64
 9   Bench Press 2  94 non-null     float64
 10  Bench Press 3  67 non-null     float64
 11  Deadlift 1     119 non-null    float64
 12  Deadlift 2     103 non-null    float64
 13  Deadlift 3     51 non-null     float64
 14  Total          120 non-null    float64
 15  IPF GL         120 non-null    float64
 16  Pts            120 non-null    Int64  
dtypes: Int64(2), float64(13), int32(1), object(1)
memory usage: 15.8+ KB

Juniors:
<class 'pandas.core.frame.DataFrame'>
Index: 253 entries, 0 to 15
Data columns (total 17 columns):
 #   Column         Non-Null Count  Dtype  
---  ------         --------------  -----  
 0   Rnk            250 non-null    Int64  
 1   Name           253 non-null    object 
 2   d.o.b.         253 non-null    int32  
 3   Bwt            253 non-null    float64
 4   IPF GL C       253 non-null    float64
 5   Squat 1        229 non-null    float64
 6   Squat 2        210 non-null    float64
 7   Squat 3        157 non-null    float64
 8   Bench Press 1  232 non-null    float64
 9   Bench Press 2  209 non-null    float64
 10  Bench Press 3  177 non-null    float64
 11  Deadlift 1     226 non-null    float64
 12  Deadlift 2     206 non-null    float64
 13  Deadlift 3     95 non-null     float64
 14  Total          250 non-null    float64
 15  IPF GL         250 non-null    float64
 16  Pts            253 non-null    Int64  
dtypes: Int64(2), float64(13), int32(1), object(1)
memory usage: 35.1+ KB

Masters:
<class 'pandas.core.frame.DataFrame'>
Index: 153 entries, 0 to 102
Data columns (total 17 columns):
 #   Column         Non-Null Count  Dtype  
---  ------         --------------  -----  
 0   Rnk            150 non-null    Int64  
 1   Name           153 non-null    object 
 2   d.o.b.         153 non-null    int32  
 3   Bwt            153 non-null    float64
 4   IPF GL C       153 non-null    float64
 5   Squat 1        136 non-null    float64
 6   Squat 2        121 non-null    float64
 7   Squat 3        99 non-null     float64
 8   Bench Press 1  150 non-null    float64
 9   Bench Press 2  130 non-null    float64
 10  Bench Press 3  82 non-null     float64
 11  Deadlift 1     147 non-null    float64
 12  Deadlift 2     134 non-null    float64
 13  Deadlift 3     77 non-null     float64
 14  Total          148 non-null    float64
 15  IPF GL         150 non-null    float64
 16  Pts            150 non-null    Int64  
dtypes: Int64(2), float64(13), int32(1), object(1)
memory usage: 21.2+ KB

Open:
<class 'pandas.core.frame.DataFrame'>
Index: 182 entries, 0 to 126
Data columns (total 17 columns):
 #   Column         Non-Null Count  Dtype  
---  ------         --------------  -----  
 0   Rnk            178 non-null    Int64  
 1   Name           182 non-null    object 
 2   d.o.b.         182 non-null    int32  
 3   Bwt            182 non-null    float64
 4   IPF GL C       182 non-null    float64
 5   Squat 1        163 non-null    float64
 6   Squat 2        153 non-null    float64
 7   Squat 3        104 non-null    float64
 8   Bench Press 1  171 non-null    float64
 9   Bench Press 2  161 non-null    float64
 10  Bench Press 3  121 non-null    float64
 11  Deadlift 1     172 non-null    float64
 12  Deadlift 2     152 non-null    float64
 13  Deadlift 3     78 non-null     float64
 14  Total          178 non-null    float64
 15  IPF GL         178 non-null    float64
 16  Pts            178 non-null    Int64  
dtypes: Int64(2), float64(13), int32(1), object(1)
memory usage: 25.2+ KB

